<?xml version="1.0" encoding="UTF-8"?>
<!-- Generated by org.testng.reporters.JUnitReportReporter -->
<testsuite hostname="DESKTOP-2PN8K12" failures="0" tests="4" name="TestCases.SearchResultsTest" time="8.431" errors="0" timestamp="2024-11-30T13:37:20 IST" skipped="0">
  <testcase classname="TestCases.SearchResultsTest" name="testSortButton" time="7.995"/>
  <testcase classname="TestCases.SearchResultsTest" name="testCustomerReview" time="0.138"/>
  <testcase classname="TestCases.SearchResultsTest" name="testbrandpresent" time="0.093"/>
  <testcase classname="TestCases.SearchResultsTest" name="testModelyearPresent" time="0.205"/>
</testsuite> <!-- TestCases.SearchResultsTest -->
