<?xml version="1.0" encoding="UTF-8"?>
<!-- Generated by org.testng.reporters.JUnitReportReporter -->
<testsuite hostname="DESKTOP-2PN8K12" failures="0" tests="1" name="TestCases.ProductSearchTest" time="21.221" errors="0" timestamp="2024-11-30T13:32:39 IST" skipped="0">
  <testcase classname="TestCases.ProductSearchTest" name="testSearchnavigation" time="21.221"/>
</testsuite> <!-- TestCases.ProductSearchTest -->
