<?xml version="1.0" encoding="UTF-8"?>
<!-- Generated by org.testng.reporters.JUnitReportReporter -->
<testsuite hostname="DESKTOP-2PN8K12" failures="0" tests="3" name="TestCases.HomePageTest" time="6.750" errors="0" timestamp="2024-11-30T11:56:53 IST" skipped="0">
  <testcase classname="TestCases.HomePageTest" name="testLogoPage" time="0.586"/>
  <testcase classname="TestCases.HomePageTest" name="testSignInBtn" time="0.134"/>
  <testcase classname="TestCases.HomePageTest" name="testSearchButton" time="6.030"/>
</testsuite> <!-- TestCases.HomePageTest -->
